<?xml version="1.0" encoding="UTF-8"?>
<coverage generated="1728476959271" clover="3.2.0">
  <project timestamp="1728476959271" name="All files">
    <metrics statements="69" coveredstatements="66" conditionals="17" coveredconditionals="10" methods="11" coveredmethods="11" elements="97" coveredelements="87" complexity="0" loc="69" ncloc="69" packages="1" files="2" classes="2"/>
    <file name="hash.ts" path="E:\KOD\aliasgame\node-js-alias-game\src\utils\hash.ts">
      <metrics statements="23" coveredstatements="23" conditionals="2" coveredconditionals="2" methods="4" coveredmethods="4"/>
      <line num="4" count="1" type="stmt"/>
      <line num="7" count="1" type="stmt"/>
      <line num="8" count="3" type="stmt"/>
      <line num="9" count="3" type="stmt"/>
      <line num="11" count="3" type="stmt"/>
      <line num="12" count="22" type="stmt"/>
      <line num="13" count="22" type="stmt"/>
      <line num="14" count="22" type="stmt"/>
      <line num="17" count="3" type="cond" truecount="2" falsecount="0"/>
      <line num="21" count="1" type="stmt"/>
      <line num="23" count="1" type="stmt"/>
      <line num="26" count="1" type="stmt"/>
      <line num="30" count="1" type="stmt"/>
      <line num="31" count="2" type="stmt"/>
      <line num="32" count="2" type="stmt"/>
      <line num="34" count="2" type="stmt"/>
      <line num="35" count="21" type="stmt"/>
      <line num="36" count="21" type="stmt"/>
      <line num="39" count="2" type="stmt"/>
      <line num="43" count="1" type="stmt"/>
      <line num="45" count="1" type="stmt"/>
      <line num="48" count="1" type="stmt"/>
      <line num="51" count="1" type="stmt"/>
    </file>
    <file name="randomWords.ts" path="E:\KOD\aliasgame\node-js-alias-game\src\utils\randomWords.ts">
      <metrics statements="46" coveredstatements="43" conditionals="15" coveredconditionals="8" methods="7" coveredmethods="7"/>
      <line num="1" count="1" type="stmt"/>
      <line num="4" count="1" type="stmt"/>
      <line num="18" count="1" type="stmt"/>
      <line num="49" count="1" type="stmt"/>
      <line num="50" count="54" type="stmt"/>
      <line num="52" count="1" type="stmt"/>
      <line num="53" count="18" type="stmt"/>
      <line num="55" count="1" type="stmt"/>
      <line num="62" count="3" type="stmt"/>
      <line num="63" count="3" type="stmt"/>
      <line num="64" count="3" type="stmt"/>
      <line num="65" count="3" type="cond" truecount="1" falsecount="0"/>
      <line num="66" count="3" type="stmt"/>
      <line num="67" count="54" type="cond" truecount="2" falsecount="0"/>
      <line num="68" count="36" type="stmt"/>
      <line num="69" count="36" type="stmt"/>
      <line num="70" count="18" type="cond" truecount="1" falsecount="0"/>
      <line num="71" count="18" type="stmt"/>
      <line num="72" count="18" type="stmt"/>
      <line num="76" count="3" type="stmt"/>
      <line num="79" count="1" type="stmt"/>
      <line num="87" count="3" type="cond" truecount="1" falsecount="1"/>
      <line num="89" count="3" type="stmt"/>
      <line num="91" count="3" type="cond" truecount="0" falsecount="1"/>
      <line num="92" count="0" type="stmt"/>
      <line num="101" count="3" type="stmt"/>
      <line num="110" count="3" type="stmt"/>
      <line num="122" count="5" type="stmt"/>
      <line num="123" count="5" type="stmt"/>
      <line num="126" count="5" type="stmt"/>
      <line num="129" count="5" type="stmt"/>
      <line num="130" count="6" type="cond" truecount="2" falsecount="0"/>
      <line num="134" count="5" type="stmt"/>
      <line num="135" count="5" type="stmt"/>
      <line num="138" count="1" type="stmt"/>
      <line num="143" count="2" type="cond" truecount="0" falsecount="1"/>
      <line num="144" count="0" type="stmt"/>
      <line num="146" count="2" type="stmt"/>
      <line num="147" count="2" type="cond" truecount="1" falsecount="0"/>
      <line num="149" count="1" type="stmt"/>
      <line num="150" count="3" type="stmt"/>
      <line num="151" count="3" type="cond" truecount="0" falsecount="1"/>
      <line num="152" count="0" type="stmt"/>
      <line num="155" count="1" type="stmt"/>
      <line num="159" count="1" type="stmt"/>
      <line num="162" count="1" type="stmt"/>
    </file>
  </project>
</coverage>
