<?xml version="1.0" encoding="UTF-8"?>
<coverage generated="1728470588092" clover="3.2.0">
  <project timestamp="1728470588092" name="All files">
    <metrics statements="23" coveredstatements="23" conditionals="2" coveredconditionals="2" methods="4" coveredmethods="4" elements="29" coveredelements="29" complexity="0" loc="23" ncloc="23" packages="1" files="1" classes="1"/>
    <file name="hash.ts" path="E:\KOD\aliasgame\node-js-alias-game\src\utils\hash.ts">
      <metrics statements="23" coveredstatements="23" conditionals="2" coveredconditionals="2" methods="4" coveredmethods="4"/>
      <line num="4" count="1" type="stmt"/>
      <line num="7" count="1" type="stmt"/>
      <line num="8" count="3" type="stmt"/>
      <line num="9" count="3" type="stmt"/>
      <line num="11" count="3" type="stmt"/>
      <line num="12" count="22" type="stmt"/>
      <line num="13" count="22" type="stmt"/>
      <line num="14" count="22" type="stmt"/>
      <line num="17" count="3" type="cond" truecount="2" falsecount="0"/>
      <line num="21" count="1" type="stmt"/>
      <line num="23" count="1" type="stmt"/>
      <line num="26" count="1" type="stmt"/>
      <line num="30" count="1" type="stmt"/>
      <line num="31" count="2" type="stmt"/>
      <line num="32" count="2" type="stmt"/>
      <line num="34" count="2" type="stmt"/>
      <line num="35" count="21" type="stmt"/>
      <line num="36" count="21" type="stmt"/>
      <line num="39" count="2" type="stmt"/>
      <line num="43" count="1" type="stmt"/>
      <line num="45" count="1" type="stmt"/>
      <line num="48" count="1" type="stmt"/>
      <line num="51" count="1" type="stmt"/>
    </file>
  </project>
</coverage>
