{"E:\\KOD\\aliasgame\\node-js-alias-game\\src\\utils\\hash.ts": {"path":"E:\\KOD\\aliasgame\\node-js-alias-game\\src\\utils\\hash.ts","statementMap":{"0":{"start":{"line":7,"column":0},"end":{"line":7,"column":16}},"1":{"start":{"line":21,"column":0},"end":{"line":21,"column":16}},"2":{"start":{"line":30,"column":0},"end":{"line":30,"column":16}},"3":{"start":{"line":43,"column":0},"end":{"line":43,"column":16}},"4":{"start":{"line":4,"column":2},"end":{"line":4,"column":66}},"5":{"start":{"line":8,"column":15},"end":{"line":8,"column":17}},"6":{"start":{"line":9,"column":15},"end":{"line":9,"column":41}},"7":{"start":{"line":11,"column":2},"end":{"line":15,"column":3}},"8":{"start":{"line":12,"column":22},"end":{"line":12,"column":32}},"9":{"start":{"line":13,"column":4},"end":{"line":13,"column":53}},"10":{"start":{"line":14,"column":4},"end":{"line":14,"column":21}},"11":{"start":{"line":17,"column":2},"end":{"line":17,"column":23}},"12":{"start":{"line":23,"column":17},"end":{"line":23,"column":34}},"13":{"start":{"line":26,"column":2},"end":{"line":26,"column":30}},"14":{"start":{"line":31,"column":12},"end":{"line":31,"column":21}},"15":{"start":{"line":32,"column":15},"end":{"line":32,"column":41}},"16":{"start":{"line":34,"column":2},"end":{"line":37,"column":3}},"17":{"start":{"line":34,"column":15},"end":{"line":34,"column":16}},"18":{"start":{"line":35,"column":18},"end":{"line":35,"column":48}},"19":{"start":{"line":36,"column":4},"end":{"line":36,"column":37}},"20":{"start":{"line":39,"column":2},"end":{"line":39,"column":13}},"21":{"start":{"line":45,"column":17},"end":{"line":45,"column":40}},"22":{"start":{"line":48,"column":20},"end":{"line":48,"column":39}},"23":{"start":{"line":51,"column":2},"end":{"line":51,"column":37}}},"fnMap":{"0":{"name":"encodeBase62","decl":{"start":{"line":7,"column":16},"end":{"line":7,"column":28}},"loc":{"start":{"line":7,"column":40},"end":{"line":18,"column":1}}},"1":{"name":"shortenId","decl":{"start":{"line":21,"column":16},"end":{"line":21,"column":25}},"loc":{"start":{"line":21,"column":36},"end":{"line":27,"column":1}}},"2":{"name":"decodeBase62","decl":{"start":{"line":30,"column":16},"end":{"line":30,"column":28}},"loc":{"start":{"line":30,"column":43},"end":{"line":40,"column":1}}},"3":{"name":"getOriginalId","decl":{"start":{"line":43,"column":16},"end":{"line":43,"column":29}},"loc":{"start":{"line":43,"column":47},"end":{"line":52,"column":1}}}},"branchMap":{"0":{"loc":{"start":{"line":17,"column":9},"end":{"line":17,"column":22}},"type":"binary-expr","locations":[{"start":{"line":17,"column":9},"end":{"line":17,"column":15}},{"start":{"line":17,"column":19},"end":{"line":17,"column":22}}]}},"s":{"0":1,"1":1,"2":1,"3":1,"4":1,"5":3,"6":3,"7":3,"8":22,"9":22,"10":22,"11":3,"12":1,"13":1,"14":2,"15":2,"16":2,"17":2,"18":21,"19":21,"20":2,"21":1,"22":1,"23":1},"f":{"0":3,"1":1,"2":2,"3":1},"b":{"0":[3,1]}}
}
