{"E:\\KOD\\aliasgame\\node-js-alias-game\\src\\utils\\hash.ts": {"path":"E:\\KOD\\aliasgame\\node-js-alias-game\\src\\utils\\hash.ts","statementMap":{"0":{"start":{"line":7,"column":0},"end":{"line":7,"column":16}},"1":{"start":{"line":21,"column":0},"end":{"line":21,"column":16}},"2":{"start":{"line":30,"column":0},"end":{"line":30,"column":16}},"3":{"start":{"line":43,"column":0},"end":{"line":43,"column":16}},"4":{"start":{"line":4,"column":2},"end":{"line":4,"column":66}},"5":{"start":{"line":8,"column":15},"end":{"line":8,"column":17}},"6":{"start":{"line":9,"column":15},"end":{"line":9,"column":41}},"7":{"start":{"line":11,"column":2},"end":{"line":15,"column":3}},"8":{"start":{"line":12,"column":22},"end":{"line":12,"column":32}},"9":{"start":{"line":13,"column":4},"end":{"line":13,"column":53}},"10":{"start":{"line":14,"column":4},"end":{"line":14,"column":21}},"11":{"start":{"line":17,"column":2},"end":{"line":17,"column":23}},"12":{"start":{"line":23,"column":17},"end":{"line":23,"column":34}},"13":{"start":{"line":26,"column":2},"end":{"line":26,"column":30}},"14":{"start":{"line":31,"column":12},"end":{"line":31,"column":21}},"15":{"start":{"line":32,"column":15},"end":{"line":32,"column":41}},"16":{"start":{"line":34,"column":2},"end":{"line":37,"column":3}},"17":{"start":{"line":34,"column":15},"end":{"line":34,"column":16}},"18":{"start":{"line":35,"column":18},"end":{"line":35,"column":48}},"19":{"start":{"line":36,"column":4},"end":{"line":36,"column":37}},"20":{"start":{"line":39,"column":2},"end":{"line":39,"column":13}},"21":{"start":{"line":45,"column":17},"end":{"line":45,"column":40}},"22":{"start":{"line":48,"column":20},"end":{"line":48,"column":39}},"23":{"start":{"line":51,"column":2},"end":{"line":51,"column":37}}},"fnMap":{"0":{"name":"encodeBase62","decl":{"start":{"line":7,"column":16},"end":{"line":7,"column":28}},"loc":{"start":{"line":7,"column":40},"end":{"line":18,"column":1}}},"1":{"name":"shortenId","decl":{"start":{"line":21,"column":16},"end":{"line":21,"column":25}},"loc":{"start":{"line":21,"column":36},"end":{"line":27,"column":1}}},"2":{"name":"decodeBase62","decl":{"start":{"line":30,"column":16},"end":{"line":30,"column":28}},"loc":{"start":{"line":30,"column":43},"end":{"line":40,"column":1}}},"3":{"name":"getOriginalId","decl":{"start":{"line":43,"column":16},"end":{"line":43,"column":29}},"loc":{"start":{"line":43,"column":47},"end":{"line":52,"column":1}}}},"branchMap":{"0":{"loc":{"start":{"line":17,"column":9},"end":{"line":17,"column":22}},"type":"binary-expr","locations":[{"start":{"line":17,"column":9},"end":{"line":17,"column":15}},{"start":{"line":17,"column":19},"end":{"line":17,"column":22}}]}},"s":{"0":1,"1":1,"2":1,"3":1,"4":1,"5":3,"6":3,"7":3,"8":22,"9":22,"10":22,"11":3,"12":1,"13":1,"14":2,"15":2,"16":2,"17":2,"18":21,"19":21,"20":2,"21":1,"22":1,"23":1},"f":{"0":3,"1":1,"2":2,"3":1},"b":{"0":[3,1]}}
,"E:\\KOD\\aliasgame\\node-js-alias-game\\src\\utils\\randomWords.ts": {"path":"E:\\KOD\\aliasgame\\node-js-alias-game\\src\\utils\\randomWords.ts","statementMap":{"0":{"start":{"line":138,"column":0},"end":{"line":138,"column":16}},"1":{"start":{"line":1,"column":0},"end":{"line":1,"column":68}},"2":{"start":{"line":4,"column":28},"end":{"line":16,"column":11}},"3":{"start":{"line":18,"column":23},"end":{"line":36,"column":11}},"4":{"start":{"line":49,"column":15},"end":{"line":50,"column":51}},"5":{"start":{"line":50,"column":2},"end":{"line":50,"column":51}},"6":{"start":{"line":52,"column":20},"end":{"line":53,"column":61}},"7":{"start":{"line":53,"column":2},"end":{"line":53,"column":61}},"8":{"start":{"line":55,"column":27},"end":{"line":77,"column":1}},"9":{"start":{"line":62,"column":46},"end":{"line":62,"column":48}},"10":{"start":{"line":63,"column":56},"end":{"line":63,"column":58}},"11":{"start":{"line":64,"column":24},"end":{"line":64,"column":26}},"12":{"start":{"line":65,"column":2},"end":{"line":75,"column":3}},"13":{"start":{"line":66,"column":4},"end":{"line":74,"column":5}},"14":{"start":{"line":67,"column":6},"end":{"line":73,"column":7}},"15":{"start":{"line":68,"column":8},"end":{"line":68,"column":59}},"16":{"start":{"line":69,"column":8},"end":{"line":69,"column":35}},"17":{"start":{"line":70,"column":13},"end":{"line":73,"column":7}},"18":{"start":{"line":71,"column":8},"end":{"line":71,"column":69}},"19":{"start":{"line":72,"column":8},"end":{"line":72,"column":40}},"20":{"start":{"line":76,"column":2},"end":{"line":76,"column":74}},"21":{"start":{"line":79,"column":40},"end":{"line":115,"column":1}},"22":{"start":{"line":87,"column":32},"end":{"line":87,"column":45}},"23":{"start":{"line":89,"column":4},"end":{"line":89,"column":34}},"24":{"start":{"line":91,"column":2},"end":{"line":99,"column":3}},"25":{"start":{"line":92,"column":4},"end":{"line":98,"column":6}},"26":{"start":{"line":101,"column":18},"end":{"line":108,"column":4}},"27":{"start":{"line":110,"column":2},"end":{"line":114,"column":4}},"28":{"start":{"line":79,"column":13},"end":{"line":79,"column":40}},"29":{"start":{"line":122,"column":23},"end":{"line":122,"column":48}},"30":{"start":{"line":123,"column":16},"end":{"line":123,"column":77}},"31":{"start":{"line":126,"column":21},"end":{"line":126,"column":37}},"32":{"start":{"line":129,"column":24},"end":{"line":130,"column":null}},"33":{"start":{"line":130,"column":14},"end":{"line":130,"column":54}},"34":{"start":{"line":134,"column":4},"end":{"line":134,"column":67}},"35":{"start":{"line":135,"column":2},"end":{"line":135,"column":20}},"36":{"start":{"line":143,"column":2},"end":{"line":145,"column":3}},"37":{"start":{"line":144,"column":4},"end":{"line":144,"column":48}},"38":{"start":{"line":146,"column":21},"end":{"line":146,"column":51}},"39":{"start":{"line":147,"column":2},"end":{"line":158,"column":3}},"40":{"start":{"line":149,"column":4},"end":{"line":154,"column":5}},"41":{"start":{"line":149,"column":17},"end":{"line":149,"column":18}},"42":{"start":{"line":150,"column":26},"end":{"line":150,"column":56}},"43":{"start":{"line":151,"column":6},"end":{"line":153,"column":7}},"44":{"start":{"line":152,"column":8},"end":{"line":152,"column":27}},"45":{"start":{"line":155,"column":4},"end":{"line":157,"column":6}},"46":{"start":{"line":159,"column":2},"end":{"line":159,"column":20}},"47":{"start":{"line":162,"column":13},"end":{"line":180,"column":2}}},"fnMap":{"0":{"name":"(anonymous_0)","decl":{"start":{"line":49,"column":15},"end":{"line":49,"column":16}},"loc":{"start":{"line":50,"column":2},"end":{"line":50,"column":51}}},"1":{"name":"(anonymous_1)","decl":{"start":{"line":52,"column":20},"end":{"line":52,"column":21}},"loc":{"start":{"line":53,"column":2},"end":{"line":53,"column":61}}},"2":{"name":"(anonymous_2)","decl":{"start":{"line":55,"column":27},"end":{"line":55,"column":null}},"loc":{"start":{"line":61,"column":4},"end":{"line":77,"column":1}}},"3":{"name":"(anonymous_3)","decl":{"start":{"line":79,"column":40},"end":{"line":79,"column":null}},"loc":{"start":{"line":86,"column":4},"end":{"line":115,"column":1}}},"4":{"name":"generateSingeWord","decl":{"start":{"line":117,"column":9},"end":{"line":117,"column":26}},"loc":{"start":{"line":121,"column":1},"end":{"line":136,"column":1}}},"5":{"name":"(anonymous_5)","decl":{"start":{"line":130,"column":4},"end":{"line":130,"column":5}},"loc":{"start":{"line":130,"column":14},"end":{"line":130,"column":54}}},"6":{"name":"generateWord","decl":{"start":{"line":138,"column":16},"end":{"line":138,"column":28}},"loc":{"start":{"line":142,"column":1},"end":{"line":160,"column":1}}}},"branchMap":{"0":{"loc":{"start":{"line":56,"column":2},"end":{"line":56,"column":36}},"type":"default-arg","locations":[{"start":{"line":56,"column":32},"end":{"line":56,"column":36}}]},"1":{"loc":{"start":{"line":65,"column":2},"end":{"line":75,"column":3}},"type":"if","locations":[{"start":{"line":65,"column":2},"end":{"line":75,"column":3}}]},"2":{"loc":{"start":{"line":67,"column":6},"end":{"line":73,"column":7}},"type":"if","locations":[{"start":{"line":67,"column":6},"end":{"line":73,"column":7}},{"start":{"line":70,"column":13},"end":{"line":73,"column":7}}]},"3":{"loc":{"start":{"line":70,"column":13},"end":{"line":73,"column":7}},"type":"if","locations":[{"start":{"line":70,"column":13},"end":{"line":73,"column":7}}]},"4":{"loc":{"start":{"line":80,"column":2},"end":{"line":80,"column":53}},"type":"default-arg","locations":[{"start":{"line":80,"column":49},"end":{"line":80,"column":53}}]},"5":{"loc":{"start":{"line":81,"column":2},"end":{"line":81,"column":52}},"type":"default-arg","locations":[{"start":{"line":81,"column":33},"end":{"line":81,"column":52}}]},"6":{"loc":{"start":{"line":87,"column":10},"end":{"line":87,"column":17}},"type":"default-arg","locations":[{"start":{"line":87,"column":16},"end":{"line":87,"column":17}}]},"7":{"loc":{"start":{"line":87,"column":19},"end":{"line":87,"column":27}},"type":"default-arg","locations":[{"start":{"line":87,"column":25},"end":{"line":87,"column":27}}]},"8":{"loc":{"start":{"line":91,"column":2},"end":{"line":99,"column":3}},"type":"if","locations":[{"start":{"line":91,"column":2},"end":{"line":99,"column":3}}]},"9":{"loc":{"start":{"line":130,"column":14},"end":{"line":130,"column":54}},"type":"binary-expr","locations":[{"start":{"line":130,"column":14},"end":{"line":130,"column":32}},{"start":{"line":130,"column":36},"end":{"line":130,"column":54}}]},"10":{"loc":{"start":{"line":143,"column":2},"end":{"line":145,"column":3}},"type":"if","locations":[{"start":{"line":143,"column":2},"end":{"line":145,"column":3}}]},"11":{"loc":{"start":{"line":147,"column":2},"end":{"line":158,"column":3}},"type":"if","locations":[{"start":{"line":147,"column":2},"end":{"line":158,"column":3}}]},"12":{"loc":{"start":{"line":151,"column":6},"end":{"line":153,"column":7}},"type":"if","locations":[{"start":{"line":151,"column":6},"end":{"line":153,"column":7}}]}},"s":{"0":1,"1":1,"2":1,"3":1,"4":1,"5":54,"6":1,"7":18,"8":1,"9":3,"10":3,"11":3,"12":3,"13":3,"14":54,"15":36,"16":36,"17":18,"18":18,"19":18,"20":3,"21":1,"22":3,"23":3,"24":3,"25":0,"26":3,"27":3,"28":1,"29":5,"30":5,"31":5,"32":5,"33":6,"34":5,"35":5,"36":2,"37":0,"38":2,"39":2,"40":1,"41":1,"42":3,"43":3,"44":0,"45":1,"46":1,"47":1},"f":{"0":54,"1":18,"2":3,"3":3,"4":5,"5":6,"6":2},"b":{"0":[0],"1":[3],"2":[36,18],"3":[18],"4":[0],"5":[0],"6":[0],"7":[1],"8":[0],"9":[6,6],"10":[0],"11":[1],"12":[0]}}
}
