TN:
SF:src\utils\hash.ts
FN:7,encodeBase62
FN:21,shortenId
FN:30,decodeBase62
FN:43,getOriginalId
FNF:4
FNH:4
FNDA:3,encodeBase62
FNDA:1,shortenId
FNDA:2,decodeBase62
FNDA:1,getOriginalId
DA:4,1
DA:7,1
DA:8,3
DA:9,3
DA:11,3
DA:12,22
DA:13,22
DA:14,22
DA:17,3
DA:21,1
DA:23,1
DA:26,1
DA:30,1
DA:31,2
DA:32,2
DA:34,2
DA:35,21
DA:36,21
DA:39,2
DA:43,1
DA:45,1
DA:48,1
DA:51,1
LF:23
LH:23
BRDA:17,0,0,3
BRDA:17,0,1,1
BRF:2
BRH:2
end_of_record
TN:
SF:src\utils\randomWords.ts
FN:49,(anonymous_0)
FN:52,(anonymous_1)
FN:55,(anonymous_2)
FN:79,(anonymous_3)
FN:117,generateSingeWord
FN:130,(anonymous_5)
FN:138,generateWord
FNF:7
FNH:7
FNDA:54,(anonymous_0)
FNDA:18,(anonymous_1)
FNDA:3,(anonymous_2)
FNDA:3,(anonymous_3)
FNDA:5,generateSingeWord
FNDA:6,(anonymous_5)
FNDA:2,generateWord
DA:1,1
DA:4,1
DA:18,1
DA:49,1
DA:50,54
DA:52,1
DA:53,18
DA:55,1
DA:62,3
DA:63,3
DA:64,3
DA:65,3
DA:66,3
DA:67,54
DA:68,36
DA:69,36
DA:70,18
DA:71,18
DA:72,18
DA:76,3
DA:79,1
DA:87,3
DA:89,3
DA:91,3
DA:92,0
DA:101,3
DA:110,3
DA:122,5
DA:123,5
DA:126,5
DA:129,5
DA:130,6
DA:134,5
DA:135,5
DA:138,1
DA:143,2
DA:144,0
DA:146,2
DA:147,2
DA:149,1
DA:150,3
DA:151,3
DA:152,0
DA:155,1
DA:159,1
DA:162,1
LF:46
LH:43
BRDA:56,0,0,0
BRDA:65,1,0,3
BRDA:67,2,0,36
BRDA:67,2,1,18
BRDA:70,3,0,18
BRDA:80,4,0,0
BRDA:81,5,0,0
BRDA:87,6,0,0
BRDA:87,7,0,1
BRDA:91,8,0,0
BRDA:130,9,0,6
BRDA:130,9,1,6
BRDA:143,10,0,0
BRDA:147,11,0,1
BRDA:151,12,0,0
BRF:15
BRH:8
end_of_record
